[2025-08-14T06:33:12.479Z] [31MERROR[39M: Invalid access token, please log in
[2025-08-14T06:33:13.735Z] [31MERROR[39M: Invalid access token, please log in
[2025-08-14T06:33:26.343Z] [31MERROR[39M: Invalid access token, please log in
[2025-08-14T06:33:26.348Z] [31MERROR[39M: Invalid access token, please log in
[2025-08-14T06:33:26.359Z] [31MERROR[39M: Invalid access token, please log in
[2025-08-14T06:33:26.362Z] [31MERROR[39M: Invalid access token, please log in
[2025-08-14T06:33:26.365Z] [31MERROR[39M: Invalid access token, please log in
[2025-08-14T06:33:26.636Z] [31MERROR[39M: Refresh token not found
[2025-08-14T06:33:26.714Z] [31MERROR[39M: Refresh token not found
[2025-08-14T06:33:27.181Z] [31MERROR[39M: Refresh token not found
[2025-08-14T06:33:27.185Z] [31MERROR[39M: Refresh token not found
[2025-08-14T06:33:27.189Z] [31MERROR[39M: Refresh token not found
[2025-08-14T06:33:34.560Z] [31MERROR[39M: Invalid access token, please log in
[2025-08-14T06:33:34.908Z] [31MERROR[39M: Refresh token not found
[2025-08-14T06:33:41.491Z] [31MERROR[39M: Record not found
[2025-08-14T06:33:46.579Z] [31MERROR[39M: Invalid access token, please log in
[2025-08-14T06:33:46.904Z] [31MERROR[39M: Refresh token not found
[2025-08-15T06:04:56.603Z] [31MERROR[39M: Unauthorized, please log in
[2025-08-15T06:04:57.104Z] [31MERROR[39M: Refresh token not found
[2025-08-15T06:05:07.706Z] [31MERROR[39M: Unauthorized, please log in
[2025-08-15T06:05:07.753Z] [31MERROR[39M: Unauthorized, please log in
[2025-08-15T06:05:07.763Z] [31MERROR[39M: Unauthorized, please log in
[2025-08-15T06:05:07.774Z] [31MERROR[39M: Unauthorized, please log in
[2025-08-15T06:05:07.784Z] [31MERROR[39M: Unauthorized, please log in
[2025-08-15T06:05:07.892Z] [31MERROR[39M: Refresh token not found
[2025-08-15T06:05:07.925Z] [31MERROR[39M: Refresh token not found
[2025-08-15T06:05:08.680Z] [31MERROR[39M: Refresh token not found
[2025-08-15T06:05:08.693Z] [31MERROR[39M: Refresh token not found
[2025-08-15T06:05:08.702Z] [31MERROR[39M: Refresh token not found
[2025-08-15T06:05:10.343Z] [31MERROR[39M: Unauthorized, please log in
[2025-08-15T06:05:10.545Z] [31MERROR[39M: Refresh token not found
[2025-08-15T06:09:55.487Z] [31MERROR[39M: Unauthorized, please log in
[2025-08-15T06:09:55.776Z] [31MERROR[39M: Refresh token not found
[2025-08-15T06:14:51.783Z] [31MERROR[39M: Unauthorized, please log in
[2025-08-15T06:14:52.121Z] [31MERROR[39M: Refresh token not found
[2025-08-15T06:14:53.729Z] [31MERROR[39M: Unauthorized, please log in
[2025-08-15T06:14:54.414Z] [31MERROR[39M: Refresh token not found
[2025-08-15T06:15:29.146Z] [31MERROR[39M: Unauthorized, please log in
[2025-08-15T06:15:29.382Z] [31MERROR[39M: Refresh token not found
[2025-08-15T06:17:04.787Z] [31MERROR[39M: Unauthorized, please log in
[2025-08-15T06:17:05.023Z] [31MERROR[39M: Refresh token not found
[2025-08-15T06:40:30.701Z] [31MERROR[39M: Invalid access token, please log in
[2025-08-15T06:40:31.641Z] [31MERROR[39M: Invalid access token, please log in
[2025-08-15T06:40:37.723Z] [31MERROR[39M: Invalid access token, please log in
[2025-08-15T06:40:38.381Z] [31MERROR[39M: Invalid access token, please log in
[2025-08-15T06:41:48.446Z] [31MERROR[39M: Variant not found
[2025-08-15T06:49:02.840Z] [31MERROR[39M: Invalid access token, please log in
[2025-08-15T06:49:05.773Z] [31MERROR[39M: Invalid access token, please log in
[2025-08-15T06:49:06.010Z] [31MERROR[39M: Refresh token not found
[2025-08-15T06:49:07.127Z] [31MERROR[39M: Invalid access token, please log in
[2025-08-15T06:49:07.367Z] [31MERROR[39M: Refresh token not found
[2025-08-15T07:03:38.408Z] [31MERROR[39M: Unauthorized, please log in
[2025-08-15T07:03:40.931Z] [31MERROR[39M: Refresh token not found
[2025-08-15T07:03:42.690Z] [31MERROR[39M: Unauthorized, please log in
[2025-08-15T07:03:42.816Z] [31MERROR[39M: Refresh token not found
[2025-08-15T07:03:51.410Z] [31MERROR[39M: Unauthorized, please log in
[2025-08-15T07:03:51.571Z] [31MERROR[39M: Refresh token not found
[2025-08-15T07:13:00.089Z] [31MERROR[39M: Unauthorized, please log in
[2025-08-15T07:13:01.103Z] [31MERROR[39M: Refresh token not found
[2025-08-15T07:13:05.430Z] [31MERROR[39M: Unauthorized, please log in
[2025-08-15T07:13:05.738Z] [31MERROR[39M: Refresh token not found
[2025-08-15T07:13:20.642Z] [31MERROR[39M: Cart is empty
[2025-08-15T07:38:04.531Z] [31MERROR[39M: Unauthorized, please log in
[2025-08-15T07:38:05.041Z] [31MERROR[39M: Refresh token not found
[2025-08-15T07:38:28.059Z] [31MERROR[39M: Unauthorized, please log in
[2025-08-15T07:38:28.365Z] [31MERROR[39M: Refresh token not found
[2025-08-15T07:53:01.565Z] [31MERROR[39M: Unauthorized, please log in
[2025-08-15T07:53:02.287Z] [31MERROR[39M: Refresh token not found
[2025-08-15T07:53:11.255Z] [31MERROR[39M: Unauthorized, please log in
[2025-08-15T07:53:11.531Z] [31MERROR[39M: Refresh token not found
[2025-08-15T08:10:51.031Z] [31MERROR[39M: Invalid access token, please log in
[2025-08-15T08:10:53.640Z] [31MERROR[39M: Invalid access token, please log in
[2025-08-15T08:11:23.337Z] [31MERROR[39M: Invalid access token, please log in
[2025-08-15T08:11:24.215Z] [31MERROR[39M: Invalid access token, please log in
[2025-08-15T08:19:02.612Z] [31MERROR[39M: Unauthorized, please log in
[2025-08-15T08:19:03.292Z] [31MERROR[39M: Refresh token not found
[2025-08-15T08:51:08.887Z] [31MERROR[39M: Invalid access token, please log in
[2025-08-15T08:51:10.375Z] [31MERROR[39M: Invalid access token, please log in
[2025-08-15T09:14:39.794Z] [31MERROR[39M: Invalid access token, please log in
[2025-08-15T09:14:40.738Z] [31MERROR[39M: Invalid access token, please log in
[2025-08-15T09:28:10.645Z] [31MERROR[39M: Invalid access token, please log in
[2025-08-15T09:28:11.725Z] [31MERROR[39M: User not found
[2025-08-15T10:08:13.403Z] [31MERROR[39M: Invalid access token, please log in
[2025-08-15T10:08:14.041Z] [31MERROR[39M: User not found
[2025-08-15T10:08:26.623Z] [31MERROR[39M: Invalid access token, please log in
[2025-08-15T10:08:27.439Z] [31MERROR[39M: User not found
[2025-08-15T10:26:32.505Z] [31MERROR[39M: Unauthorized, please log in
[2025-08-15T10:26:32.933Z] [31MERROR[39M: Refresh token not found
[2025-08-15T10:26:48.983Z] [31MERROR[39M: Unauthorized, please log in
[2025-08-15T10:26:49.292Z] [31MERROR[39M: Refresh token not found
[2025-08-15T10:27:02.393Z] [31MERROR[39M: Unauthorized, please log in
[2025-08-15T10:27:02.785Z] [31MERROR[39M: Refresh token not found
[2025-08-15T10:27:24.696Z] [31MERROR[39M: Unauthorized, please log in
[2025-08-15T10:27:25.604Z] [31MERROR[39M: Refresh token not found
[2025-08-15T10:27:26.137Z] [31MERROR[39M: Unauthorized, please log in
[2025-08-15T10:27:26.434Z] [31MERROR[39M: Refresh token not found
[2025-08-15T10:33:22.418Z] [31MERROR[39M: Unauthorized, please log in
[2025-08-15T10:33:22.849Z] [31MERROR[39M: Refresh token not found
[2025-08-15T10:33:33.663Z] [31MERROR[39M: Unauthorized, please log in
[2025-08-15T10:33:33.982Z] [31MERROR[39M: Refresh token not found
[2025-08-15T10:39:12.677Z] [31MERROR[39M: User no longer exists.
[2025-08-15T10:39:12.684Z] [31MERROR[39M: User no longer exists.
[2025-08-15T10:39:12.700Z] [31MERROR[39M: User no longer exists.
[2025-08-15T10:39:12.847Z] [31MERROR[39M: User no longer exists.
[2025-08-15T10:39:13.373Z] [31MERROR[39M: User not found
[2025-08-15T10:39:13.390Z] [31MERROR[39M: User not found
[2025-08-15T10:39:13.424Z] [31MERROR[39M: User not found
[2025-08-15T10:39:13.437Z] [31MERROR[39M: User not found
[2025-08-15T10:39:56.006Z] [31MERROR[39M: User no longer exists.
[2025-08-15T10:39:56.523Z] [31MERROR[39M: User not found
[2025-08-15T10:40:02.247Z] [31MERROR[39M: User no longer exists.
[2025-08-15T10:40:02.774Z] [31MERROR[39M: User not found
[2025-08-15T10:50:18.413Z] [31MERROR[39M: Invalid access token, please log in
[2025-08-15T10:50:19.097Z] [31MERROR[39M: User not found
[2025-08-15T10:50:23.653Z] [31MERROR[39M: Invalid access token, please log in
[2025-08-15T10:50:24.228Z] [31MERROR[39M: User not found
[2025-08-15T10:50:42.165Z] [31MERROR[39M: Invalid access token, please log in
[2025-08-15T10:50:42.554Z] [31MERROR[39M: User not found
[2025-08-15T10:53:56.355Z] [31MERROR[39M: Invalid access token, please log in
[2025-08-15T10:53:56.791Z] [31MERROR[39M: User not found
[2025-08-15T10:55:47.906Z] [31MERROR[39M: Invalid access token, please log in
[2025-08-15T10:55:48.893Z] [31MERROR[39M: User not found
[2025-08-15T10:55:49.309Z] [31MERROR[39M: Duplicate field value entered
[2025-08-15T10:56:06.673Z] [31MERROR[39M: Invalid access token, please log in
[2025-08-15T10:56:07.168Z] [31MERROR[39M: User not found
[2025-08-15T10:56:31.911Z] [31MERROR[39M: Cart is empty
[2025-08-15T11:08:50.719Z] [31MERROR[39M: Unauthorized, please log in
[2025-08-15T11:08:52.659Z] [31MERROR[39M: Refresh token not found
[2025-08-15T13:43:47.130Z] [31MERROR[39M: Unauthorized, please log in
[2025-08-15T13:43:47.614Z] [31MERROR[39M: Refresh token not found
[2025-08-15T15:38:05.408Z] [31MERROR[39M: Unauthorized, please log in
[2025-08-15T15:38:05.823Z] [31MERROR[39M: Refresh token not found
[2025-08-15T16:10:01.140Z] [31MERROR[39M: Unauthorized, please log in
[2025-08-15T16:10:02.961Z] [31MERROR[39M: Refresh token not found
[2025-08-15T16:15:17.654Z] [31MERROR[39M: Unauthorized, please log in
[2025-08-15T16:15:18.902Z] [31MERROR[39M: Unauthorized, please log in
[2025-08-15T16:15:19.272Z] [31MERROR[39M: Refresh token not found
[2025-08-15T16:15:25.602Z] [31MERROR[39M: Unauthorized, please log in
[2025-08-15T16:15:26.222Z] [31MERROR[39M: Refresh token not found
[2025-08-15T16:15:28.291Z] [31MERROR[39M: Unauthorized, please log in
[2025-08-15T16:15:28.537Z] [31MERROR[39M: Refresh token not found
[2025-08-15T16:15:36.768Z] [31MERROR[39M: Unauthorized, please log in
[2025-08-15T16:15:37.239Z] [31MERROR[39M: Refresh token not found
[2025-08-15T16:15:38.276Z] [31MERROR[39M: Unauthorized, please log in
[2025-08-15T16:15:38.502Z] [31MERROR[39M: Refresh token not found
[2025-08-15T16:15:44.916Z] [31MERROR[39M: Unauthorized, please log in
[2025-08-15T16:15:45.186Z] [31MERROR[39M: Refresh token not found
[2025-08-15T16:15:46.160Z] [31MERROR[39M: Unauthorized, please log in
[2025-08-15T16:15:46.558Z] [31MERROR[39M: Refresh token not found
[2025-08-15T16:23:14.077Z] [31MERROR[39M: Unauthorized, please log in
[2025-08-15T16:23:14.781Z] [31MERROR[39M: Refresh token not found
[2025-08-15T16:25:26.355Z] [31MERROR[39M: Unauthorized, please log in
[2025-08-15T16:25:26.673Z] [31MERROR[39M: Refresh token not found
[2025-08-15T16:25:36.803Z] [31MERROR[39M: Unauthorized, please log in
[2025-08-15T16:25:37.016Z] [31MERROR[39M: Refresh token not found
[2025-08-15T16:25:38.859Z] [31MERROR[39M: Unauthorized, please log in
[2025-08-15T16:25:39.087Z] [31MERROR[39M: Refresh token not found
[2025-08-15T16:30:11.278Z] [31MERROR[39M: Unauthorized, please log in
[2025-08-15T16:30:11.627Z] [31MERROR[39M: Refresh token not found
[2025-08-15T16:30:24.462Z] [31MERROR[39M: Unauthorized, please log in
[2025-08-15T16:30:24.677Z] [31MERROR[39M: Refresh token not found
[2025-08-15T16:30:32.868Z] [31MERROR[39M: Unauthorized, please log in
[2025-08-15T16:30:33.097Z] [31MERROR[39M: Refresh token not found
[2025-08-15T16:34:27.359Z] [31MERROR[39M: Unauthorized, please log in
[2025-08-15T16:34:27.765Z] [31MERROR[39M: Refresh token not found
[2025-08-15T16:34:37.229Z] [31MERROR[39M: Unauthorized, please log in
[2025-08-15T16:34:37.588Z] [31MERROR[39M: Refresh token not found
[2025-08-15T16:34:44.940Z] [31MERROR[39M: Unauthorized, please log in
[2025-08-15T16:34:45.230Z] [31MERROR[39M: Refresh token not found
[2025-08-15T16:50:04.556Z] [31MERROR[39M: Invalid access token, please log in
[2025-08-15T16:50:04.561Z] [31MERROR[39M: Invalid access token, please log in
[2025-08-15T16:50:04.617Z] [31MERROR[39M: Invalid access token, please log in
[2025-08-15T16:50:04.620Z] [31MERROR[39M: Invalid access token, please log in
[2025-08-15T16:50:04.624Z] [31MERROR[39M: Invalid access token, please log in
[2025-08-15T16:50:05.076Z] [31MERROR[39M: Invalid access token, please log in
[2025-08-15T16:50:05.079Z] [31MERROR[39M: Invalid access token, please log in
[2025-08-15T16:50:05.342Z] [31MERROR[39M: Invalid access token, please log in
[2025-08-15T16:50:05.410Z] [31MERROR[39M: Invalid access token, please log in
[2025-08-15T16:50:05.530Z] [31MERROR[39M: Invalid access token, please log in
[2025-08-15T16:50:05.898Z] [31MERROR[39M: Refresh token not found
[2025-08-15T16:50:06.052Z] [31MERROR[39M: Refresh token not found
[2025-08-15T16:50:06.160Z] [31MERROR[39M: Invalid access token, please log in
[2025-08-15T16:50:06.255Z] [31MERROR[39M: Invalid access token, please log in
[2025-08-15T16:50:06.260Z] [31MERROR[39M: Refresh token not found
[2025-08-15T16:50:06.262Z] [31MERROR[39M: Refresh token not found
[2025-08-15T16:50:06.263Z] [31MERROR[39M: Refresh token not found
[2025-08-15T16:50:06.366Z] [31MERROR[39M: Invalid access token, please log in
[2025-08-15T16:50:06.455Z] [31MERROR[39M: Invalid access token, please log in
[2025-08-15T16:50:06.542Z] [31MERROR[39M: Invalid access token, please log in
[2025-08-15T16:50:10.747Z] [31MERROR[39M: Invalid access token, please log in
[2025-08-15T16:50:11.471Z] [31MERROR[39M: Invalid access token, please log in
[2026-02-13T13:12:09.322Z] [31MERROR[39M: Email or password is incorrect.
[2026-02-14T00:36:10.352Z] [31MERROR[39M: Unauthorized, please log in
[2026-02-14T00:44:26.845Z] [31MERROR[39M: Unauthorized, please log in
[2026-02-14T00:54:59.513Z] [31MERROR[39M: 
Invalid `prisma.user.findMany()` invocation in
/home/robel/ecommerce/src/server/src/modules/user/user.repository.ts:7:30

  4 
  5 export class UserRepository {
  6   async findAllUsers() {
→ 7     return await prisma.user.findMany(
Error occurred during query execution:
ConnectorError(ConnectorError { user_facing_error: None, kind: QueryError(PostgresError { code: "42501", message: "permission denied for table User", severity: "ERROR", detail: None, column: None, hint: None }), transient: false })
[2026-02-14T01:00:31.363Z] [31MERROR[39M: 
Invalid `prisma.user.findMany()` invocation in
/home/robel/ecommerce/src/server/src/modules/user/user.repository.ts:7:30

  4 
  5 export class UserRepository {
  6   async findAllUsers() {
→ 7     return await prisma.user.findMany(
Error occurred during query execution:
ConnectorError(ConnectorError { user_facing_error: None, kind: QueryError(PostgresError { code: "42501", message: "permission denied for table User", severity: "ERROR", detail: None, column: None, hint: None }), transient: false })
[2026-02-14T01:18:04.531Z] [31MERROR[39M: 
Invalid `prisma.user.findMany()` invocation in
/home/robel/ecommerce/src/server/src/modules/user/user.repository.ts:7:30

  4 
  5 export class UserRepository {
  6   async findAllUsers() {
→ 7     return await prisma.user.findMany(
Error occurred during query execution:
ConnectorError(ConnectorError { user_facing_error: None, kind: QueryError(PostgresError { code: "42501", message: "permission denied for table User", severity: "ERROR", detail: None, column: None, hint: None }), transient: false })
[2026-02-14T01:23:18.183Z] [31MERROR[39M: 
Invalid `prisma.user.findMany()` invocation in
/home/robel/ecommerce/src/server/src/modules/user/user.repository.ts:7:30

  4 
  5 export class UserRepository {
  6   async findAllUsers() {
→ 7     return await prisma.user.findMany(
Error occurred during query execution:
ConnectorError(ConnectorError { user_facing_error: None, kind: QueryError(PostgresError { code: "42501", message: "permission denied for table User", severity: "ERROR", detail: None, column: None, hint: None }), transient: false })
[2026-02-14T01:30:25.068Z] [31MERROR[39M: Unauthorized, please log in
[2026-02-14T01:30:25.127Z] [31MERROR[39M: Refresh token not found
[2026-02-14T01:47:33.015Z] [31MERROR[39M: Unauthorized, please log in
[2026-02-14T01:47:33.123Z] [31MERROR[39M: Refresh token not found
[2026-02-14T03:26:14.023Z] [31MERROR[39M: Unauthorized, please log in
[2026-02-14T03:26:14.101Z] [31MERROR[39M: Refresh token not found
[2026-02-14T03:31:09.473Z] [31MERROR[39M: Unauthorized, please log in
[2026-02-14T03:31:09.542Z] [31MERROR[39M: Refresh token not found
[2026-02-14T03:33:01.552Z] [31MERROR[39M: Unknown authentication strategy "microsoft"
[2026-02-14T03:33:37.473Z] [31MERROR[39M: Unauthorized, please log in
[2026-02-14T03:33:37.521Z] [31MERROR[39M: Refresh token not found
[2026-02-14T03:35:34.794Z] [31MERROR[39M: Unauthorized, please log in
[2026-02-14T03:35:34.884Z] [31MERROR[39M: Refresh token not found
[2026-02-14T03:35:43.522Z] [31MERROR[39M: Unknown authentication strategy "microsoft"
[2026-02-14T03:36:39.462Z] [31MERROR[39M: Unauthorized, please log in
[2026-02-14T03:36:39.497Z] [31MERROR[39M: Refresh token not found
[2026-02-14T03:55:55.046Z] [31MERROR[39M: Unauthorized, please log in
[2026-02-14T03:55:55.115Z] [31MERROR[39M: Refresh token not found
[2026-02-14T05:24:13.972Z] [31MERROR[39M: Unauthorized, please log in
[2026-02-14T05:24:14.357Z] [31MERROR[39M: Refresh token not found
[2026-02-14T14:43:59.021Z] [31MERROR[39M: Invalid access token, please log in
[2026-02-14T14:43:59.827Z] [31MERROR[39M: Invalid access token, please log in
[2026-02-14T16:18:01.537Z] [31MERROR[39M: Invalid access token, please log in
[2026-02-14T16:18:01.705Z] [31MERROR[39M: Invalid access token, please log in
[2026-02-14T16:19:30.769Z] [31MERROR[39M: Invalid access token, please log in
[2026-02-14T16:19:30.860Z] [31MERROR[39M: Invalid access token, please log in
[2026-02-14T16:19:45.772Z] [31MERROR[39M: Invalid access token, please log in
[2026-02-14T16:19:45.878Z] [31MERROR[39M: Invalid access token, please log in
[2026-02-14T16:19:59.202Z] [31MERROR[39M: Invalid access token, please log in
[2026-02-14T16:19:59.298Z] [31MERROR[39M: Invalid access token, please log in
[2026-02-14T16:20:03.618Z] [31MERROR[39M: Invalid access token, please log in
[2026-02-14T16:20:03.687Z] [31MERROR[39M: Invalid access token, please log in
[2026-02-14T16:28:50.125Z] [31MERROR[39M: Email or password is incorrect.
[2026-02-14T16:32:51.543Z] [31MERROR[39M: This email is already registered, please log in instead.
[2026-02-14T16:33:51.800Z] [31MERROR[39M: Email or password is incorrect.
[2026-02-14T16:33:56.845Z] [31MERROR[39M: Email or password is incorrect.
[2026-02-14T16:38:04.328Z] [31MERROR[39M: Email or password is incorrect.
[2026-02-14T16:39:51.810Z] [31MERROR[39M: Email or password is incorrect.
[2026-02-14T17:17:24.117Z] [31MERROR[39M: Unauthorized, please log in
[2026-02-14T17:17:24.418Z] [31MERROR[39M: Refresh token not found
[2026-02-14T17:41:15.701Z] [31MERROR[39M: Invalid access token, please log in
[2026-02-14T17:41:15.858Z] [31MERROR[39M: Invalid access token, please log in
[2026-02-14T18:15:24.599Z] [31MERROR[39M: Invalid access token, please log in
[2026-02-14T18:15:24.720Z] [31MERROR[39M: Invalid access token, please log in
[2026-02-14T18:20:53.731Z] [31MERROR[39M: Invalid access token, please log in
[2026-02-14T18:20:53.802Z] [31MERROR[39M: Invalid access token, please log in
[2026-02-14T18:50:55.226Z] [31MERROR[39M: Invalid API Key provided: 1
[2026-02-14T18:58:45.055Z] [31MERROR[39M: Invalid access token, please log in
[2026-02-14T18:58:45.229Z] [31MERROR[39M: Invalid access token, please log in
[2026-02-14T19:06:27.247Z] [31MERROR[39M: Invalid API Key provided: sk_test_***************************xxxx
[2026-02-14T19:20:39.071Z] [31MERROR[39M: Invalid access token, please log in
[2026-02-14T19:20:39.183Z] [31MERROR[39M: Invalid access token, please log in
[2026-02-14T19:21:57.826Z] [31MERROR[39M: Invalid API Key provided: sk_test_***************************xxxx
[2026-02-14T19:22:07.022Z] [31MERROR[39M: Invalid API Key provided: sk_test_***************************xxxx
[2026-02-14T19:43:00.693Z] [31MERROR[39M: Invalid access token, please log in
[2026-02-14T19:43:00.924Z] [31MERROR[39M: Invalid access token, please log in
[2026-02-14T19:50:33.233Z] [31MERROR[39M: Invalid URL: An explicit scheme (such as https) must be provided.
[2026-02-14T19:50:38.055Z] [31MERROR[39M: Invalid URL: An explicit scheme (such as https) must be provided.
[2026-02-14T19:57:16.246Z] [31MERROR[39M: Invalid URL: An explicit scheme (such as https) must be provided.
[2026-02-14T20:02:26.822Z] [31MERROR[39M: Invalid access token, please log in
[2026-02-14T20:02:26.901Z] [31MERROR[39M: Invalid access token, please log in
[2026-02-14T20:03:48.855Z] [31MERROR[39M: Invalid access token, please log in
[2026-02-14T20:03:48.925Z] [31MERROR[39M: Invalid access token, please log in
[2026-02-14T20:04:51.945Z] [31MERROR[39M: Invalid access token, please log in
[2026-02-14T20:04:52.061Z] [31MERROR[39M: Invalid access token, please log in
[2026-02-14T20:05:36.051Z] [31MERROR[39M: Invalid URL: An explicit scheme (such as https) must be provided.
[2026-02-14T20:11:20.058Z] [31MERROR[39M: Unauthorized, please log in
[2026-02-14T20:11:20.100Z] [31MERROR[39M: Refresh token not found
[2026-02-14T20:34:48.443Z] [31MERROR[39M: Invalid access token, please log in
[2026-02-14T20:34:48.539Z] [31MERROR[39M: Invalid access token, please log in
[2026-02-14T20:54:03.438Z] [31MERROR[39M: Invalid access token, please log in
[2026-02-14T20:54:03.526Z] [31MERROR[39M: Invalid access token, please log in
[2026-02-14T21:18:14.536Z] [31MERROR[39M: Invalid access token, please log in
[2026-02-14T21:18:14.742Z] [31MERROR[39M: Invalid access token, please log in
[2026-02-14T21:19:02.150Z] [31MERROR[39M: Invalid access token, please log in
[2026-02-14T21:19:02.264Z] [31MERROR[39M: Invalid access token, please log in
[2026-02-14T21:19:53.071Z] [31MERROR[39M: Invalid access token, please log in
[2026-02-14T21:19:53.136Z] [31MERROR[39M: Invalid access token, please log in
[2026-02-14T21:20:08.827Z] [31MERROR[39M: Invalid access token, please log in
[2026-02-14T21:20:08.893Z] [31MERROR[39M: Invalid access token, please log in
[2026-02-14T21:20:15.546Z] [31MERROR[39M: Invalid access token, please log in
[2026-02-14T21:20:15.596Z] [31MERROR[39M: Invalid access token, please log in
[2026-02-14T21:20:29.656Z] [31MERROR[39M: Invalid access token, please log in
[2026-02-14T21:20:29.720Z] [31MERROR[39M: Invalid access token, please log in
[2026-02-14T21:23:57.583Z] [31MERROR[39M: Invalid access token, please log in
[2026-02-14T21:23:57.693Z] [31MERROR[39M: Invalid access token, please log in
[2026-02-14T21:24:48.838Z] [31MERROR[39M: Invalid access token, please log in
[2026-02-14T21:24:48.913Z] [31MERROR[39M: Invalid access token, please log in
[2026-02-14T21:25:19.844Z] [31MERROR[39M: Invalid access token, please log in
[2026-02-14T21:25:19.912Z] [31MERROR[39M: Invalid access token, please log in
[2026-02-15T01:58:21.528Z] [31MERROR[39M: Invalid access token, please log in
[2026-02-15T01:58:21.668Z] [31MERROR[39M: Invalid access token, please log in
[2026-02-15T01:59:23.973Z] [31MERROR[39M: Invalid access token, please log in
[2026-02-15T01:59:24.120Z] [31MERROR[39M: Invalid access token, please log in
[2026-02-15T01:59:54.510Z] [31MERROR[39M: Invalid access token, please log in
[2026-02-15T01:59:54.669Z] [31MERROR[39M: Invalid access token, please log in
[2026-02-15T04:30:48.486Z] [31MERROR[39M: Invalid access token, please log in
[2026-02-15T04:30:48.644Z] [31MERROR[39M: Invalid access token, please log in
[2026-02-15T04:31:02.085Z] [31MERROR[39M: Invalid access token, please log in
[2026-02-15T04:31:02.167Z] [31MERROR[39M: Invalid access token, please log in
[2026-02-15T04:32:20.707Z] [31MERROR[39M: Invalid access token, please log in
[2026-02-15T04:32:20.894Z] [31MERROR[39M: Invalid access token, please log in
[2026-02-15T04:32:40.289Z] [31MERROR[39M: Invalid access token, please log in
[2026-02-15T04:32:40.382Z] [31MERROR[39M: Invalid access token, please log in
[2026-02-15T04:32:50.486Z] [31MERROR[39M: Invalid access token, please log in
[2026-02-15T04:32:50.549Z] [31MERROR[39M: Invalid access token, please log in
[2026-02-15T04:35:04.870Z] [31MERROR[39M: Invalid access token, please log in
[2026-02-15T04:35:04.971Z] [31MERROR[39M: Invalid access token, please log in
[2026-02-15T04:37:45.970Z] [31MERROR[39M: Invalid access token, please log in
[2026-02-15T04:37:46.048Z] [31MERROR[39M: Invalid access token, please log in
[2026-02-15T04:39:04.885Z] [31MERROR[39M: Invalid access token, please log in
[2026-02-15T04:39:04.954Z] [31MERROR[39M: Invalid access token, please log in
[2026-02-15T04:49:06.701Z] [31MERROR[39M: Invalid access token, please log in
[2026-02-15T04:49:06.805Z] [31MERROR[39M: Invalid access token, please log in
[2026-02-15T04:50:12.341Z] [31MERROR[39M: Invalid access token, please log in
[2026-02-15T04:50:12.426Z] [31MERROR[39M: Invalid access token, please log in
[2026-02-15T04:52:05.868Z] [31MERROR[39M: Invalid access token, please log in
[2026-02-15T04:52:05.953Z] [31MERROR[39M: Invalid access token, please log in
[2026-02-15T04:57:31.102Z] [31MERROR[39M: Invalid access token, please log in
[2026-02-15T04:57:31.230Z] [31MERROR[39M: Invalid access token, please log in
[2026-02-15T04:59:23.183Z] [31MERROR[39M: Invalid access token, please log in
[2026-02-15T04:59:23.428Z] [31MERROR[39M: Invalid access token, please log in
[2026-02-15T04:59:55.406Z] [31MERROR[39M: Invalid access token, please log in
[2026-02-15T04:59:55.514Z] [31MERROR[39M: Invalid access token, please log in
[2026-02-15T05:00:51.149Z] [31MERROR[39M: Invalid access token, please log in
[2026-02-15T05:00:51.282Z] [31MERROR[39M: Invalid access token, please log in
[2026-02-15T05:01:47.272Z] [31MERROR[39M: Invalid access token, please log in
[2026-02-15T05:01:47.408Z] [31MERROR[39M: Invalid access token, please log in
[2026-02-15T05:03:04.598Z] [31MERROR[39M: Invalid access token, please log in
[2026-02-15T05:03:04.680Z] [31MERROR[39M: Invalid access token, please log in
[2026-02-15T05:04:32.269Z] [31MERROR[39M: Invalid access token, please log in
[2026-02-15T05:04:32.342Z] [31MERROR[39M: Invalid access token, please log in
[2026-02-15T05:06:14.063Z] [31MERROR[39M: Invalid access token, please log in
[2026-02-15T05:06:14.228Z] [31MERROR[39M: Invalid access token, please log in
[2026-02-15T06:31:08.900Z] [31MERROR[39M: Invalid access token, please log in
[2026-02-15T06:31:09.008Z] [31MERROR[39M: Invalid access token, please log in
[2026-02-15T06:31:22.442Z] [31MERROR[39M: Invalid access token, please log in
[2026-02-15T06:31:22.516Z] [31MERROR[39M: Invalid access token, please log in
[2026-02-15T06:35:05.094Z] [31MERROR[39M: Invalid access token, please log in
[2026-02-15T09:35:38.225Z] [31MERROR[39M: Invalid access token, please log in
[2026-02-15T09:35:38.500Z] [31MERROR[39M: Invalid access token, please log in
[2026-02-15T09:35:48.919Z] [31MERROR[39M: Invalid access token, please log in
[2026-02-15T09:35:48.964Z] [31MERROR[39M: Invalid access token, please log in
[2026-02-15T23:17:43.370Z] [31MERROR[39M: [GET] /api/v1/users/me - 401 - Invalid access token, please log in
[2026-02-15T23:22:07.974Z] [31MERROR[39M: [GET] /api/v1/users/me - 401 - Invalid access token, please log in
[2026-02-15T23:26:04.718Z] [31MERROR[39M: Invalid access token, please log in
[2026-02-15T23:26:05.950Z] [31MERROR[39M: User not found
[2026-02-15T23:29:40.336Z] [31MERROR[39M: Reached the max retries per request limit (which is 20). Refer to "maxRetriesPerRequest" option for details.
[2026-02-15T23:29:40.352Z] [31MERROR[39M: Reached the max retries per request limit (which is 20). Refer to "maxRetriesPerRequest" option for details.
[2026-02-15T23:42:42.642Z] [31MERROR[39M: Invalid access token, please log in
[2026-02-15T23:42:43.205Z] [31MERROR[39M: Invalid access token, please log in
[2026-02-15T23:46:54.198Z] [31MERROR[39M: [GET] /api/v1/users/me - 401 - Invalid access token, please log in
[2026-02-15T23:48:56.519Z] [31MERROR[39M: [GET] /api/v1/users/me - 401 - Invalid access token, please log in
[2026-02-15T23:57:47.069Z] [31MERROR[39M: [GET] /api/v1/users/me - 401 - Invalid access token, please log in
[2026-02-16T00:05:30.765Z] [31MERROR[39M: Invalid access token, please log in
[2026-02-16T00:05:32.544Z] [31MERROR[39M: Invalid access token, please log in
[2026-02-16T00:20:30.221Z] [31MERROR[39M: Invalid access token, please log in
[2026-02-16T00:20:31.587Z] [31MERROR[39M: Invalid access token, please log in
[2026-02-16T00:22:01.920Z] [31MERROR[39M: [GET] /api/v1/users/me - 401 - Invalid access token, please log in
[2026-02-16T00:22:02.492Z] [31MERROR[39M: [GET] /api/v1/users/me - 401 - Invalid access token, please log in
[2026-02-16T00:22:08.333Z] [31MERROR[39M: [GET] /api/v1/users/me - 401 - Invalid access token, please log in
[2026-02-16T00:22:08.563Z] [31MERROR[39M: [POST] /api/v1/auth/refresh-token - 404 - Refresh token not found
[2026-02-16T00:24:51.564Z] [31MERROR[39M: [GET] /api/v1/users/me - 401 - Invalid access token, please log in
[2026-02-16T00:24:51.921Z] [31MERROR[39M: [POST] /api/v1/auth/refresh-token - 404 - Refresh token not found
[2026-02-16T00:25:12.981Z] [31MERROR[39M: [POST] /api/v1/analytics/interactions - 401 - Invalid access token, please log in
[2026-02-16T00:25:13.043Z] [31MERROR[39M: [POST] /api/v1/analytics/interactions - 401 - Invalid access token, please log in
[2026-02-16T00:25:13.045Z] [31MERROR[39M: [POST] /api/v1/analytics/interactions - 401 - Invalid access token, please log in
[2026-02-16T00:25:13.047Z] [31MERROR[39M: [POST] /api/v1/analytics/interactions - 401 - Invalid access token, please log in
[2026-02-16T00:25:13.056Z] [31MERROR[39M: [POST] /api/v1/analytics/interactions - 401 - Invalid access token, please log in
[2026-02-16T00:25:13.067Z] [31MERROR[39M: [POST] /api/v1/analytics/interactions - 401 - Invalid access token, please log in
[2026-02-16T00:25:13.107Z] [31MERROR[39M: [POST] /api/v1/analytics/interactions - 401 - Invalid access token, please log in
[2026-02-16T00:25:13.240Z] [31MERROR[39M: [POST] /api/v1/analytics/interactions - 401 - Invalid access token, please log in
[2026-02-16T00:25:13.256Z] [31MERROR[39M: [POST] /api/v1/analytics/interactions - 401 - Invalid access token, please log in
[2026-02-16T00:25:13.363Z] [31MERROR[39M: [POST] /api/v1/analytics/interactions - 401 - Invalid access token, please log in
[2026-02-16T00:25:13.399Z] [31MERROR[39M: [POST] /api/v1/auth/refresh-token - 404 - Refresh token not found
[2026-02-16T00:25:13.494Z] [31MERROR[39M: [POST] /api/v1/auth/refresh-token - 404 - Refresh token not found
[2026-02-16T00:25:13.522Z] [31MERROR[39M: [POST] /api/v1/auth/refresh-token - 404 - Refresh token not found
[2026-02-16T00:25:13.613Z] [31MERROR[39M: [POST] /api/v1/auth/refresh-token - 404 - Refresh token not found
[2026-02-16T00:25:13.648Z] [31MERROR[39M: [POST] /api/v1/auth/refresh-token - 404 - Refresh token not found
[2026-02-16T00:25:13.738Z] [31MERROR[39M: [POST] /api/v1/auth/refresh-token - 404 - Refresh token not found
[2026-02-16T00:25:14.069Z] [31MERROR[39M: [POST] /api/v1/auth/refresh-token - 404 - Refresh token not found
[2026-02-16T00:25:14.078Z] [31MERROR[39M: [POST] /api/v1/auth/refresh-token - 404 - Refresh token not found
[2026-02-16T00:25:14.091Z] [31MERROR[39M: [POST] /api/v1/auth/refresh-token - 404 - Refresh token not found
[2026-02-16T00:25:14.102Z] [31MERROR[39M: [POST] /api/v1/auth/refresh-token - 404 - Refresh token not found
[2026-02-16T00:25:53.973Z] [31MERROR[39M: [GET] /api/v1/users/me - 401 - Invalid access token, please log in
[2026-02-16T00:25:54.260Z] [31MERROR[39M: [POST] /api/v1/auth/refresh-token - 404 - Refresh token not found
[2026-02-16T00:26:37.289Z] [31MERROR[39M: [POST] /api/v1/analytics/interactions - 401 - Invalid access token, please log in
[2026-02-16T00:26:37.311Z] [31MERROR[39M: [POST] /api/v1/analytics/interactions - 401 - Invalid access token, please log in
[2026-02-16T00:26:37.329Z] [31MERROR[39M: [POST] /api/v1/analytics/interactions - 401 - Invalid access token, please log in
[2026-02-16T00:26:37.340Z] [31MERROR[39M: [POST] /api/v1/analytics/interactions - 401 - Invalid access token, please log in
[2026-02-16T00:26:37.350Z] [31MERROR[39M: [POST] /api/v1/analytics/interactions - 401 - Invalid access token, please log in
[2026-02-16T00:26:37.359Z] [31MERROR[39M: [POST] /api/v1/analytics/interactions - 401 - Invalid access token, please log in
[2026-02-16T00:26:37.424Z] [31MERROR[39M: [POST] /api/v1/analytics/interactions - 401 - Invalid access token, please log in
[2026-02-16T00:26:37.525Z] [31MERROR[39M: [POST] /api/v1/analytics/interactions - 401 - Invalid access token, please log in
[2026-02-16T00:26:37.541Z] [31MERROR[39M: [POST] /api/v1/analytics/interactions - 401 - Invalid access token, please log in
[2026-02-16T00:26:37.553Z] [31MERROR[39M: [POST] /api/v1/analytics/interactions - 401 - Invalid access token, please log in
[2026-02-16T00:26:37.579Z] [31MERROR[39M: [POST] /api/v1/auth/refresh-token - 404 - Refresh token not found
[2026-02-16T00:26:37.581Z] [31MERROR[39M: [POST] /api/v1/auth/refresh-token - 404 - Refresh token not found
[2026-02-16T00:26:37.590Z] [31MERROR[39M: [POST] /api/v1/auth/refresh-token - 404 - Refresh token not found
[2026-02-16T00:26:37.669Z] [31MERROR[39M: [POST] /api/v1/auth/refresh-token - 404 - Refresh token not found
[2026-02-16T00:26:37.682Z] [31MERROR[39M: [POST] /api/v1/auth/refresh-token - 404 - Refresh token not found
[2026-02-16T00:26:37.701Z] [31MERROR[39M: [POST] /api/v1/auth/refresh-token - 404 - Refresh token not found
[2026-02-16T00:26:37.705Z] [31MERROR[39M: [POST] /api/v1/auth/refresh-token - 404 - Refresh token not found
[2026-02-16T00:26:37.710Z] [31MERROR[39M: [POST] /api/v1/auth/refresh-token - 404 - Refresh token not found
[2026-02-16T00:26:37.727Z] [31MERROR[39M: [POST] /api/v1/auth/refresh-token - 404 - Refresh token not found
[2026-02-16T00:26:37.793Z] [31MERROR[39M: [POST] /api/v1/auth/refresh-token - 404 - Refresh token not found
[2026-02-16T00:30:52.027Z] [31MERROR[39M: [GET] /api/v1/users/me - 401 - Invalid access token, please log in
[2026-02-16T00:30:53.434Z] [31MERROR[39M: [POST] /api/v1/auth/refresh-token - 404 - Refresh token not found
[2026-02-16T00:31:24.806Z] [31MERROR[39M: [POST] /api/v1/analytics/interactions - 401 - Invalid access token, please log in
[2026-02-16T00:31:24.823Z] [31MERROR[39M: [POST] /api/v1/analytics/interactions - 401 - Invalid access token, please log in
[2026-02-16T00:31:24.836Z] [31MERROR[39M: [POST] /api/v1/analytics/interactions - 401 - Invalid access token, please log in
[2026-02-16T00:31:24.848Z] [31MERROR[39M: [POST] /api/v1/analytics/interactions - 401 - Invalid access token, please log in
[2026-02-16T00:31:24.858Z] [31MERROR[39M: [POST] /api/v1/analytics/interactions - 401 - Invalid access token, please log in
[2026-02-16T00:31:24.867Z] [31MERROR[39M: [POST] /api/v1/analytics/interactions - 401 - Invalid access token, please log in
[2026-02-16T00:31:24.937Z] [31MERROR[39M: [POST] /api/v1/analytics/interactions - 401 - Invalid access token, please log in
[2026-02-16T00:31:25.037Z] [31MERROR[39M: [POST] /api/v1/analytics/interactions - 401 - Invalid access token, please log in
[2026-02-16T00:31:25.062Z] [31MERROR[39M: [POST] /api/v1/analytics/interactions - 401 - Invalid access token, please log in
[2026-02-16T00:31:25.157Z] [31MERROR[39M: [POST] /api/v1/analytics/interactions - 401 - Invalid access token, please log in
[2026-02-16T00:31:25.197Z] [31MERROR[39M: [POST] /api/v1/auth/refresh-token - 404 - Refresh token not found
[2026-02-16T00:31:25.294Z] [31MERROR[39M: [POST] /api/v1/auth/refresh-token - 404 - Refresh token not found
[2026-02-16T00:31:25.335Z] [31MERROR[39M: [POST] /api/v1/auth/refresh-token - 404 - Refresh token not found
[2026-02-16T00:31:25.416Z] [31MERROR[39M: [POST] /api/v1/auth/refresh-token - 404 - Refresh token not found
[2026-02-16T00:31:25.473Z] [31MERROR[39M: [POST] /api/v1/auth/refresh-token - 404 - Refresh token not found
[2026-02-16T00:31:25.537Z] [31MERROR[39M: [POST] /api/v1/auth/refresh-token - 404 - Refresh token not found
[2026-02-16T00:31:26.084Z] [31MERROR[39M: [POST] /api/v1/auth/refresh-token - 404 - Refresh token not found
[2026-02-16T00:31:26.095Z] [31MERROR[39M: [POST] /api/v1/auth/refresh-token - 404 - Refresh token not found
[2026-02-16T00:31:26.098Z] [31MERROR[39M: [POST] /api/v1/auth/refresh-token - 404 - Refresh token not found
[2026-02-16T00:31:26.101Z] [31MERROR[39M: [POST] /api/v1/auth/refresh-token - 404 - Refresh token not found
[2026-02-16T00:41:38.511Z] [31MERROR[39M: Invalid access token, please log in
[2026-02-16T00:41:39.057Z] [31MERROR[39M: Refresh token not found
[2026-02-16T00:58:28.165Z] [31MERROR[39M: Invalid access token, please log in
[2026-02-16T00:58:50.478Z] [31MERROR[39M: Refresh token not found
